{"/home/bcdbuddy/myfol/workspaces/github/processor/src/index.ts": {"path":"/home/bcdbuddy/myfol/workspaces/github/processor/src/index.ts","statementMap":{"0":{"start":{"line":1,"column":0},"end":{"line":1,"column":31}},"1":{"start":{"line":3,"column":0},"end":{"line":3,"column":26}},"2":{"start":{"line":5,"column":0},"end":{"line":5,"column":28}},"3":{"start":{"line":7,"column":0},"end":{"line":7,"column":24}}},"fnMap":{},"branchMap":{},"s":{"0":0,"1":0,"2":0,"3":0},"f":{},"b":{}}
,"/home/bcdbuddy/myfol/workspaces/github/processor/src/coinbase/config.ts": {"path":"/home/bcdbuddy/myfol/workspaces/github/processor/src/coinbase/config.ts","statementMap":{"0":{"start":{"line":1,"column":0},"end":{"line":1,"column":27}},"1":{"start":{"line":2,"column":0},"end":{"line":2,"column":null}},"2":{"start":{"line":4,"column":13},"end":{"line":4,"column":null}},"3":{"start":{"line":5,"column":13},"end":{"line":5,"column":null}}},"fnMap":{},"branchMap":{"0":{"loc":{"start":{"line":4,"column":39},"end":{"line":4,"column":67}},"type":"binary-expr","locations":[{"start":{"line":4,"column":39},"end":{"line":4,"column":67}},{"start":{"line":4,"column":71},"end":{"line":4,"column":73}}]},"1":{"loc":{"start":{"line":5,"column":43},"end":{"line":5,"column":75}},"type":"binary-expr","locations":[{"start":{"line":5,"column":43},"end":{"line":5,"column":75}},{"start":{"line":5,"column":79},"end":{"line":5,"column":81}}]}},"s":{"0":1,"1":1,"2":1,"3":1},"f":{},"b":{"0":[1,0],"1":[1,0]}}
,"/home/bcdbuddy/myfol/workspaces/github/processor/src/coinbase/definitions.ts": {"path":"/home/bcdbuddy/myfol/workspaces/github/processor/src/coinbase/definitions.ts","statementMap":{"0":{"start":{"line":85,"column":0},"end":{"line":85,"column":null}},"1":{"start":{"line":86,"column":2},"end":{"line":86,"column":null}},"2":{"start":{"line":87,"column":2},"end":{"line":87,"column":null}},"3":{"start":{"line":88,"column":2},"end":{"line":88,"column":null}},"4":{"start":{"line":89,"column":2},"end":{"line":89,"column":null}},"5":{"start":{"line":90,"column":2},"end":{"line":90,"column":null}},"6":{"start":{"line":91,"column":2},"end":{"line":91,"column":null}},"7":{"start":{"line":92,"column":2},"end":{"line":92,"column":null}},"8":{"start":{"line":93,"column":2},"end":{"line":93,"column":null}},"9":{"start":{"line":94,"column":2},"end":{"line":94,"column":null}},"10":{"start":{"line":95,"column":2},"end":{"line":95,"column":null}},"11":{"start":{"line":96,"column":2},"end":{"line":96,"column":null}},"12":{"start":{"line":97,"column":2},"end":{"line":97,"column":null}},"13":{"start":{"line":98,"column":2},"end":{"line":98,"column":null}},"14":{"start":{"line":99,"column":2},"end":{"line":99,"column":null}}},"fnMap":{"0":{"name":"(anonymous_0)","decl":{"start":{"line":85,"column":0},"end":{"line":85,"column":12}},"loc":{"start":{"line":85,"column":25},"end":{"line":100,"column":1}}}},"branchMap":{"0":{"loc":{"start":{"line":85,"column":12},"end":{"line":85,"column":25}},"type":"binary-expr","locations":[{"start":{"line":85,"column":12},"end":{"line":85,"column":25}},{"start":{"line":85,"column":12},"end":{"line":85,"column":null}}]}},"s":{"0":0,"1":0,"2":0,"3":0,"4":0,"5":0,"6":0,"7":0,"8":0,"9":0,"10":0,"11":0,"12":0,"13":0,"14":0},"f":{"0":0},"b":{"0":[0,0]}}
,"/home/bcdbuddy/myfol/workspaces/github/processor/src/coinbase/index.ts": {"path":"/home/bcdbuddy/myfol/workspaces/github/processor/src/coinbase/index.ts","statementMap":{"0":{"start":{"line":13,"column":0},"end":{"line":13,"column":25}},"1":{"start":{"line":15,"column":0},"end":{"line":15,"column":null}},"2":{"start":{"line":19,"column":35},"end":{"line":19,"column":null}},"3":{"start":{"line":20,"column":4},"end":{"line":20,"column":null}},"4":{"start":{"line":21,"column":4},"end":{"line":21,"column":null}},"5":{"start":{"line":25,"column":2},"end":{"line":42,"column":null}},"6":{"start":{"line":25,"column":2},"end":{"line":25,"column":13}},"7":{"start":{"line":26,"column":4},"end":{"line":41,"column":null}},"8":{"start":{"line":26,"column":45},"end":{"line":41,"column":6}},"9":{"start":{"line":28,"column":25},"end":{"line":36,"column":null}},"10":{"start":{"line":28,"column":14},"end":{"line":36,"column":null}},"11":{"start":{"line":37,"column":8},"end":{"line":37,"column":null}},"12":{"start":{"line":39,"column":8},"end":{"line":39,"column":null}},"13":{"start":{"line":45,"column":2},"end":{"line":62,"column":null}},"14":{"start":{"line":45,"column":2},"end":{"line":45,"column":12}},"15":{"start":{"line":46,"column":4},"end":{"line":61,"column":null}},"16":{"start":{"line":46,"column":45},"end":{"line":61,"column":6}},"17":{"start":{"line":48,"column":25},"end":{"line":56,"column":null}},"18":{"start":{"line":48,"column":14},"end":{"line":56,"column":null}},"19":{"start":{"line":57,"column":8},"end":{"line":57,"column":null}},"20":{"start":{"line":59,"column":8},"end":{"line":59,"column":null}},"21":{"start":{"line":65,"column":2},"end":{"line":83,"column":null}},"22":{"start":{"line":65,"column":2},"end":{"line":65,"column":14}},"23":{"start":{"line":66,"column":4},"end":{"line":82,"column":null}},"24":{"start":{"line":66,"column":45},"end":{"line":82,"column":6}},"25":{"start":{"line":68,"column":25},"end":{"line":77,"column":null}},"26":{"start":{"line":68,"column":14},"end":{"line":77,"column":null}},"27":{"start":{"line":78,"column":8},"end":{"line":78,"column":null}},"28":{"start":{"line":80,"column":8},"end":{"line":80,"column":null}},"29":{"start":{"line":86,"column":2},"end":{"line":103,"column":null}},"30":{"start":{"line":86,"column":2},"end":{"line":86,"column":14}},"31":{"start":{"line":87,"column":4},"end":{"line":102,"column":null}},"32":{"start":{"line":87,"column":45},"end":{"line":102,"column":6}},"33":{"start":{"line":89,"column":25},"end":{"line":97,"column":null}},"34":{"start":{"line":89,"column":14},"end":{"line":97,"column":null}},"35":{"start":{"line":98,"column":8},"end":{"line":98,"column":null}},"36":{"start":{"line":100,"column":8},"end":{"line":100,"column":null}},"37":{"start":{"line":106,"column":2},"end":{"line":123,"column":null}},"38":{"start":{"line":106,"column":2},"end":{"line":106,"column":14}},"39":{"start":{"line":107,"column":4},"end":{"line":122,"column":null}},"40":{"start":{"line":107,"column":45},"end":{"line":122,"column":6}},"41":{"start":{"line":109,"column":25},"end":{"line":117,"column":null}},"42":{"start":{"line":109,"column":14},"end":{"line":117,"column":null}},"43":{"start":{"line":118,"column":8},"end":{"line":118,"column":null}},"44":{"start":{"line":120,"column":8},"end":{"line":120,"column":null}},"45":{"start":{"line":133,"column":2},"end":{"line":150,"column":null}},"46":{"start":{"line":133,"column":2},"end":{"line":133,"column":15}},"47":{"start":{"line":134,"column":4},"end":{"line":149,"column":null}},"48":{"start":{"line":134,"column":45},"end":{"line":149,"column":6}},"49":{"start":{"line":136,"column":25},"end":{"line":144,"column":null}},"50":{"start":{"line":136,"column":14},"end":{"line":144,"column":null}},"51":{"start":{"line":145,"column":8},"end":{"line":145,"column":null}},"52":{"start":{"line":147,"column":8},"end":{"line":147,"column":null}},"53":{"start":{"line":153,"column":2},"end":{"line":170,"column":null}},"54":{"start":{"line":153,"column":2},"end":{"line":153,"column":15}},"55":{"start":{"line":154,"column":4},"end":{"line":169,"column":null}},"56":{"start":{"line":154,"column":45},"end":{"line":169,"column":6}},"57":{"start":{"line":156,"column":25},"end":{"line":164,"column":null}},"58":{"start":{"line":156,"column":14},"end":{"line":164,"column":null}},"59":{"start":{"line":165,"column":8},"end":{"line":165,"column":null}},"60":{"start":{"line":167,"column":8},"end":{"line":167,"column":null}},"61":{"start":{"line":173,"column":2},"end":{"line":190,"column":null}},"62":{"start":{"line":173,"column":2},"end":{"line":173,"column":14}},"63":{"start":{"line":174,"column":4},"end":{"line":189,"column":null}},"64":{"start":{"line":174,"column":45},"end":{"line":189,"column":6}},"65":{"start":{"line":176,"column":25},"end":{"line":184,"column":null}},"66":{"start":{"line":176,"column":14},"end":{"line":184,"column":null}},"67":{"start":{"line":185,"column":8},"end":{"line":185,"column":null}},"68":{"start":{"line":187,"column":8},"end":{"line":187,"column":null}},"69":{"start":{"line":193,"column":2},"end":{"line":211,"column":null}},"70":{"start":{"line":193,"column":2},"end":{"line":193,"column":16}},"71":{"start":{"line":194,"column":4},"end":{"line":210,"column":null}},"72":{"start":{"line":194,"column":45},"end":{"line":210,"column":6}},"73":{"start":{"line":196,"column":25},"end":{"line":205,"column":null}},"74":{"start":{"line":196,"column":14},"end":{"line":205,"column":null}},"75":{"start":{"line":206,"column":8},"end":{"line":206,"column":null}},"76":{"start":{"line":208,"column":8},"end":{"line":208,"column":null}},"77":{"start":{"line":214,"column":2},"end":{"line":232,"column":null}},"78":{"start":{"line":214,"column":2},"end":{"line":214,"column":16}},"79":{"start":{"line":215,"column":4},"end":{"line":231,"column":null}},"80":{"start":{"line":215,"column":45},"end":{"line":231,"column":6}},"81":{"start":{"line":217,"column":25},"end":{"line":226,"column":null}},"82":{"start":{"line":217,"column":14},"end":{"line":226,"column":null}},"83":{"start":{"line":227,"column":8},"end":{"line":227,"column":null}},"84":{"start":{"line":229,"column":8},"end":{"line":229,"column":null}},"85":{"start":{"line":235,"column":2},"end":{"line":252,"column":null}},"86":{"start":{"line":235,"column":2},"end":{"line":235,"column":16}},"87":{"start":{"line":236,"column":4},"end":{"line":251,"column":null}},"88":{"start":{"line":236,"column":45},"end":{"line":251,"column":6}},"89":{"start":{"line":238,"column":25},"end":{"line":246,"column":null}},"90":{"start":{"line":238,"column":14},"end":{"line":246,"column":null}},"91":{"start":{"line":247,"column":8},"end":{"line":247,"column":null}},"92":{"start":{"line":249,"column":8},"end":{"line":249,"column":null}},"93":{"start":{"line":255,"column":2},"end":{"line":272,"column":null}},"94":{"start":{"line":255,"column":2},"end":{"line":255,"column":12}},"95":{"start":{"line":256,"column":4},"end":{"line":271,"column":null}},"96":{"start":{"line":256,"column":45},"end":{"line":271,"column":6}},"97":{"start":{"line":258,"column":25},"end":{"line":266,"column":null}},"98":{"start":{"line":258,"column":14},"end":{"line":266,"column":null}},"99":{"start":{"line":267,"column":8},"end":{"line":267,"column":null}},"100":{"start":{"line":269,"column":8},"end":{"line":269,"column":null}},"101":{"start":{"line":275,"column":2},"end":{"line":292,"column":null}},"102":{"start":{"line":275,"column":2},"end":{"line":275,"column":11}},"103":{"start":{"line":276,"column":4},"end":{"line":291,"column":null}},"104":{"start":{"line":276,"column":45},"end":{"line":291,"column":6}},"105":{"start":{"line":278,"column":25},"end":{"line":286,"column":null}},"106":{"start":{"line":278,"column":14},"end":{"line":286,"column":null}},"107":{"start":{"line":287,"column":8},"end":{"line":287,"column":null}},"108":{"start":{"line":289,"column":8},"end":{"line":289,"column":null}},"109":{"start":{"line":293,"column":0},"end":{"line":293,"column":null}}},"fnMap":{"0":{"name":"(anonymous_14)","decl":{"start":{"line":15,"column":0},"end":{"line":15,"column":null}},"loc":{"start":{"line":15,"column":0},"end":{"line":293,"column":null}}},"1":{"name":"Index","decl":{"start":{"line":18,"column":2},"end":{"line":18,"column":15}},"loc":{"start":{"line":18,"column":47},"end":{"line":22,"column":3}}},"2":{"name":"(anonymous_16)","decl":{"start":{"line":25,"column":2},"end":{"line":25,"column":13}},"loc":{"start":{"line":25,"column":2},"end":{"line":42,"column":3}}},"3":{"name":"(anonymous_17)","decl":{"start":{"line":26,"column":23},"end":{"line":26,"column":30}},"loc":{"start":{"line":26,"column":45},"end":{"line":41,"column":6}}},"4":{"name":"(anonymous_18)","decl":{"start":{"line":26,"column":45},"end":{"line":26,"column":null}},"loc":{"start":{"line":26,"column":45},"end":{"line":41,"column":6}}},"5":{"name":"(anonymous_20)","decl":{"start":{"line":45,"column":2},"end":{"line":45,"column":12}},"loc":{"start":{"line":45,"column":24},"end":{"line":62,"column":3}}},"6":{"name":"(anonymous_21)","decl":{"start":{"line":46,"column":23},"end":{"line":46,"column":30}},"loc":{"start":{"line":46,"column":45},"end":{"line":61,"column":6}}},"7":{"name":"(anonymous_22)","decl":{"start":{"line":46,"column":45},"end":{"line":46,"column":null}},"loc":{"start":{"line":46,"column":45},"end":{"line":61,"column":6}}},"8":{"name":"(anonymous_24)","decl":{"start":{"line":65,"column":2},"end":{"line":65,"column":14}},"loc":{"start":{"line":65,"column":45},"end":{"line":83,"column":3}}},"9":{"name":"(anonymous_25)","decl":{"start":{"line":66,"column":23},"end":{"line":66,"column":30}},"loc":{"start":{"line":66,"column":45},"end":{"line":82,"column":6}}},"10":{"name":"(anonymous_26)","decl":{"start":{"line":66,"column":45},"end":{"line":66,"column":null}},"loc":{"start":{"line":66,"column":45},"end":{"line":82,"column":6}}},"11":{"name":"(anonymous_28)","decl":{"start":{"line":86,"column":2},"end":{"line":86,"column":14}},"loc":{"start":{"line":86,"column":57},"end":{"line":103,"column":3}}},"12":{"name":"(anonymous_29)","decl":{"start":{"line":87,"column":23},"end":{"line":87,"column":30}},"loc":{"start":{"line":87,"column":45},"end":{"line":102,"column":6}}},"13":{"name":"(anonymous_30)","decl":{"start":{"line":87,"column":45},"end":{"line":87,"column":null}},"loc":{"start":{"line":87,"column":45},"end":{"line":102,"column":6}}},"14":{"name":"(anonymous_32)","decl":{"start":{"line":106,"column":2},"end":{"line":106,"column":14}},"loc":{"start":{"line":106,"column":26},"end":{"line":123,"column":3}}},"15":{"name":"(anonymous_33)","decl":{"start":{"line":107,"column":23},"end":{"line":107,"column":30}},"loc":{"start":{"line":107,"column":45},"end":{"line":122,"column":6}}},"16":{"name":"(anonymous_34)","decl":{"start":{"line":107,"column":45},"end":{"line":107,"column":null}},"loc":{"start":{"line":107,"column":45},"end":{"line":122,"column":6}}},"17":{"name":"(anonymous_36)","decl":{"start":{"line":133,"column":2},"end":{"line":133,"column":15}},"loc":{"start":{"line":133,"column":27},"end":{"line":150,"column":3}}},"18":{"name":"(anonymous_37)","decl":{"start":{"line":134,"column":23},"end":{"line":134,"column":30}},"loc":{"start":{"line":134,"column":45},"end":{"line":149,"column":6}}},"19":{"name":"(anonymous_38)","decl":{"start":{"line":134,"column":45},"end":{"line":134,"column":null}},"loc":{"start":{"line":134,"column":45},"end":{"line":149,"column":6}}},"20":{"name":"(anonymous_40)","decl":{"start":{"line":153,"column":2},"end":{"line":153,"column":15}},"loc":{"start":{"line":153,"column":2},"end":{"line":170,"column":3}}},"21":{"name":"(anonymous_41)","decl":{"start":{"line":154,"column":23},"end":{"line":154,"column":30}},"loc":{"start":{"line":154,"column":45},"end":{"line":169,"column":6}}},"22":{"name":"(anonymous_42)","decl":{"start":{"line":154,"column":45},"end":{"line":154,"column":null}},"loc":{"start":{"line":154,"column":45},"end":{"line":169,"column":6}}},"23":{"name":"(anonymous_44)","decl":{"start":{"line":173,"column":2},"end":{"line":173,"column":14}},"loc":{"start":{"line":173,"column":26},"end":{"line":190,"column":3}}},"24":{"name":"(anonymous_45)","decl":{"start":{"line":174,"column":23},"end":{"line":174,"column":30}},"loc":{"start":{"line":174,"column":45},"end":{"line":189,"column":6}}},"25":{"name":"(anonymous_46)","decl":{"start":{"line":174,"column":45},"end":{"line":174,"column":null}},"loc":{"start":{"line":174,"column":45},"end":{"line":189,"column":6}}},"26":{"name":"(anonymous_48)","decl":{"start":{"line":193,"column":2},"end":{"line":193,"column":16}},"loc":{"start":{"line":193,"column":49},"end":{"line":211,"column":3}}},"27":{"name":"(anonymous_49)","decl":{"start":{"line":194,"column":23},"end":{"line":194,"column":30}},"loc":{"start":{"line":194,"column":45},"end":{"line":210,"column":6}}},"28":{"name":"(anonymous_50)","decl":{"start":{"line":194,"column":45},"end":{"line":194,"column":null}},"loc":{"start":{"line":194,"column":45},"end":{"line":210,"column":6}}},"29":{"name":"(anonymous_52)","decl":{"start":{"line":214,"column":2},"end":{"line":214,"column":16}},"loc":{"start":{"line":214,"column":61},"end":{"line":232,"column":3}}},"30":{"name":"(anonymous_53)","decl":{"start":{"line":215,"column":23},"end":{"line":215,"column":30}},"loc":{"start":{"line":215,"column":45},"end":{"line":231,"column":6}}},"31":{"name":"(anonymous_54)","decl":{"start":{"line":215,"column":45},"end":{"line":215,"column":null}},"loc":{"start":{"line":215,"column":45},"end":{"line":231,"column":6}}},"32":{"name":"(anonymous_56)","decl":{"start":{"line":235,"column":2},"end":{"line":235,"column":16}},"loc":{"start":{"line":235,"column":28},"end":{"line":252,"column":3}}},"33":{"name":"(anonymous_57)","decl":{"start":{"line":236,"column":23},"end":{"line":236,"column":30}},"loc":{"start":{"line":236,"column":45},"end":{"line":251,"column":6}}},"34":{"name":"(anonymous_58)","decl":{"start":{"line":236,"column":45},"end":{"line":236,"column":null}},"loc":{"start":{"line":236,"column":45},"end":{"line":251,"column":6}}},"35":{"name":"(anonymous_60)","decl":{"start":{"line":255,"column":2},"end":{"line":255,"column":12}},"loc":{"start":{"line":255,"column":2},"end":{"line":272,"column":3}}},"36":{"name":"(anonymous_61)","decl":{"start":{"line":256,"column":23},"end":{"line":256,"column":30}},"loc":{"start":{"line":256,"column":45},"end":{"line":271,"column":6}}},"37":{"name":"(anonymous_62)","decl":{"start":{"line":256,"column":45},"end":{"line":256,"column":null}},"loc":{"start":{"line":256,"column":45},"end":{"line":271,"column":6}}},"38":{"name":"(anonymous_64)","decl":{"start":{"line":275,"column":2},"end":{"line":275,"column":11}},"loc":{"start":{"line":275,"column":23},"end":{"line":292,"column":3}}},"39":{"name":"(anonymous_65)","decl":{"start":{"line":276,"column":23},"end":{"line":276,"column":30}},"loc":{"start":{"line":276,"column":45},"end":{"line":291,"column":6}}},"40":{"name":"(anonymous_66)","decl":{"start":{"line":276,"column":45},"end":{"line":276,"column":null}},"loc":{"start":{"line":276,"column":45},"end":{"line":291,"column":6}}}},"branchMap":{},"s":{"0":1,"1":1,"2":2,"3":1,"4":1,"5":1,"6":1,"7":1,"8":1,"9":1,"10":1,"11":1,"12":0,"13":1,"14":0,"15":0,"16":0,"17":0,"18":0,"19":0,"20":0,"21":1,"22":1,"23":1,"24":1,"25":1,"26":1,"27":0,"28":1,"29":1,"30":0,"31":0,"32":0,"33":0,"34":0,"35":0,"36":0,"37":1,"38":0,"39":0,"40":0,"41":0,"42":0,"43":0,"44":0,"45":1,"46":0,"47":0,"48":0,"49":0,"50":0,"51":0,"52":0,"53":1,"54":0,"55":0,"56":0,"57":0,"58":0,"59":0,"60":0,"61":1,"62":0,"63":0,"64":0,"65":0,"66":0,"67":0,"68":0,"69":1,"70":0,"71":0,"72":0,"73":0,"74":0,"75":0,"76":0,"77":1,"78":0,"79":0,"80":0,"81":0,"82":0,"83":0,"84":0,"85":1,"86":0,"87":0,"88":0,"89":0,"90":0,"91":0,"92":0,"93":1,"94":0,"95":0,"96":0,"97":0,"98":0,"99":0,"100":0,"101":1,"102":0,"103":0,"104":0,"105":0,"106":0,"107":0,"108":0,"109":1},"f":{"0":1,"1":1,"2":1,"3":1,"4":1,"5":0,"6":0,"7":0,"8":1,"9":1,"10":1,"11":0,"12":0,"13":0,"14":0,"15":0,"16":0,"17":0,"18":0,"19":0,"20":0,"21":0,"22":0,"23":0,"24":0,"25":0,"26":0,"27":0,"28":0,"29":0,"30":0,"31":0,"32":0,"33":0,"34":0,"35":0,"36":0,"37":0,"38":0,"39":0,"40":0},"b":{}}
,"/home/bcdbuddy/myfol/workspaces/github/processor/src/payexpress/index.ts": {"path":"/home/bcdbuddy/myfol/workspaces/github/processor/src/payexpress/index.ts","statementMap":{"0":{"start":{"line":2,"column":0},"end":{"line":2,"column":25}},"1":{"start":{"line":3,"column":0},"end":{"line":3,"column":27}},"2":{"start":{"line":6,"column":22},"end":{"line":10,"column":1}},"3":{"start":{"line":7,"column":15},"end":{"line":7,"column":42}},"4":{"start":{"line":8,"column":2},"end":{"line":8,"column":26}},"5":{"start":{"line":9,"column":2},"end":{"line":9,"column":30}},"6":{"start":{"line":12,"column":0},"end":{"line":12,"column":null}},"7":{"start":{"line":15,"column":4},"end":{"line":15,"column":null}},"8":{"start":{"line":19,"column":2},"end":{"line":52,"column":null}},"9":{"start":{"line":19,"column":2},"end":{"line":19,"column":16}},"10":{"start":{"line":38,"column":4},"end":{"line":51,"column":null}},"11":{"start":{"line":39,"column":6},"end":{"line":50,"column":null}},"12":{"start":{"line":49,"column":26},"end":{"line":49,"column":49}},"13":{"start":{"line":50,"column":24},"end":{"line":50,"column":38}},"14":{"start":{"line":54,"column":2},"end":{"line":74,"column":null}},"15":{"start":{"line":54,"column":2},"end":{"line":54,"column":5}},"16":{"start":{"line":55,"column":4},"end":{"line":73,"column":null}},"17":{"start":{"line":65,"column":29},"end":{"line":65,"column":null}},"18":{"start":{"line":66,"column":27},"end":{"line":66,"column":63}},"19":{"start":{"line":68,"column":6},"end":{"line":71,"column":null}},"20":{"start":{"line":70,"column":8},"end":{"line":70,"column":null}},"21":{"start":{"line":72,"column":6},"end":{"line":72,"column":null}},"22":{"start":{"line":75,"column":0},"end":{"line":75,"column":null}}},"fnMap":{"0":{"name":"(anonymous_3)","decl":{"start":{"line":6,"column":22},"end":{"line":6,"column":23}},"loc":{"start":{"line":6,"column":31},"end":{"line":10,"column":1}}},"1":{"name":"(anonymous_4)","decl":{"start":{"line":12,"column":0},"end":{"line":12,"column":null}},"loc":{"start":{"line":12,"column":0},"end":{"line":75,"column":null}}},"2":{"name":"PayExpress","decl":{"start":{"line":14,"column":2},"end":{"line":14,"column":15}},"loc":{"start":{"line":14,"column":42},"end":{"line":16,"column":3}}},"3":{"name":"(anonymous_6)","decl":{"start":{"line":19,"column":2},"end":{"line":19,"column":16}},"loc":{"start":{"line":19,"column":30},"end":{"line":52,"column":3}}},"4":{"name":"(anonymous_7)","decl":{"start":{"line":38,"column":23},"end":{"line":38,"column":24}},"loc":{"start":{"line":38,"column":39},"end":{"line":51,"column":5}}},"5":{"name":"(anonymous_8)","decl":{"start":{"line":49,"column":14},"end":{"line":49,"column":22}},"loc":{"start":{"line":49,"column":22},"end":{"line":49,"column":33}}},"6":{"name":"(anonymous_9)","decl":{"start":{"line":50,"column":15},"end":{"line":50,"column":20}},"loc":{"start":{"line":50,"column":20},"end":{"line":50,"column":30}}},"7":{"name":"(anonymous_10)","decl":{"start":{"line":54,"column":2},"end":{"line":54,"column":5}},"loc":{"start":{"line":54,"column":23},"end":{"line":74,"column":3}}},"8":{"name":"(anonymous_11)","decl":{"start":{"line":55,"column":23},"end":{"line":55,"column":24}},"loc":{"start":{"line":55,"column":39},"end":{"line":73,"column":5}}}},"branchMap":{"0":{"loc":{"start":{"line":68,"column":6},"end":{"line":71,"column":null}},"type":"if","locations":[{"start":{"line":68,"column":6},"end":{"line":71,"column":null}},{"start":{"line":68,"column":6},"end":{"line":71,"column":null}}]},"1":{"loc":{"start":{"line":68,"column":9},"end":{"line":68,"column":68}},"type":"binary-expr","locations":[{"start":{"line":68,"column":9},"end":{"line":68,"column":68}},{"start":{"line":69,"column":11},"end":{"line":69,"column":64}}]}},"s":{"0":0,"1":0,"2":0,"3":0,"4":0,"5":0,"6":0,"7":0,"8":0,"9":0,"10":0,"11":0,"12":0,"13":0,"14":0,"15":0,"16":0,"17":0,"18":0,"19":0,"20":0,"21":0,"22":0},"f":{"0":0,"1":0,"2":0,"3":0,"4":0,"5":0,"6":0,"7":0,"8":0},"b":{"0":[0,0],"1":[0,0]}}
,"/home/bcdbuddy/myfol/workspaces/github/processor/src/paypal/index.ts": {"path":"/home/bcdbuddy/myfol/workspaces/github/processor/src/paypal/index.ts","statementMap":{"0":{"start":{"line":1,"column":0},"end":{"line":1,"column":23}},"1":{"start":{"line":2,"column":0},"end":{"line":2,"column":25}},"2":{"start":{"line":5,"column":0},"end":{"line":5,"column":null}},"3":{"start":{"line":9,"column":4},"end":{"line":9,"column":null}},"4":{"start":{"line":12,"column":2},"end":{"line":26,"column":null}},"5":{"start":{"line":12,"column":2},"end":{"line":12,"column":16}},"6":{"start":{"line":13,"column":4},"end":{"line":25,"column":null}},"7":{"start":{"line":14,"column":6},"end":{"line":24,"column":null}},"8":{"start":{"line":23,"column":26},"end":{"line":23,"column":49}},"9":{"start":{"line":24,"column":24},"end":{"line":24,"column":38}},"10":{"start":{"line":28,"column":2},"end":{"line":54,"column":null}},"11":{"start":{"line":28,"column":2},"end":{"line":28,"column":15}},"12":{"start":{"line":29,"column":4},"end":{"line":53,"column":null}},"13":{"start":{"line":29,"column":45},"end":{"line":53,"column":6}},"14":{"start":{"line":30,"column":12},"end":{"line":35,"column":null}},"15":{"start":{"line":37,"column":19},"end":{"line":37,"column":null}},"16":{"start":{"line":37,"column":12},"end":{"line":37,"column":null}},"17":{"start":{"line":39,"column":6},"end":{"line":52,"column":null}},"18":{"start":{"line":51,"column":26},"end":{"line":51,"column":49}},"19":{"start":{"line":52,"column":24},"end":{"line":52,"column":38}},"20":{"start":{"line":55,"column":0},"end":{"line":55,"column":null}}},"fnMap":{"0":{"name":"(anonymous_14)","decl":{"start":{"line":5,"column":0},"end":{"line":5,"column":null}},"loc":{"start":{"line":5,"column":0},"end":{"line":55,"column":null}}},"1":{"name":"PayPal","decl":{"start":{"line":8,"column":2},"end":{"line":8,"column":15}},"loc":{"start":{"line":8,"column":38},"end":{"line":10,"column":3}}},"2":{"name":"(anonymous_16)","decl":{"start":{"line":12,"column":2},"end":{"line":12,"column":16}},"loc":{"start":{"line":12,"column":2},"end":{"line":26,"column":3}}},"3":{"name":"(anonymous_17)","decl":{"start":{"line":13,"column":23},"end":{"line":13,"column":24}},"loc":{"start":{"line":13,"column":39},"end":{"line":25,"column":5}}},"4":{"name":"(anonymous_18)","decl":{"start":{"line":23,"column":14},"end":{"line":23,"column":22}},"loc":{"start":{"line":23,"column":22},"end":{"line":23,"column":33}}},"5":{"name":"(anonymous_19)","decl":{"start":{"line":24,"column":15},"end":{"line":24,"column":20}},"loc":{"start":{"line":24,"column":20},"end":{"line":24,"column":30}}},"6":{"name":"(anonymous_20)","decl":{"start":{"line":28,"column":2},"end":{"line":28,"column":15}},"loc":{"start":{"line":28,"column":33},"end":{"line":54,"column":3}}},"7":{"name":"(anonymous_21)","decl":{"start":{"line":29,"column":23},"end":{"line":29,"column":30}},"loc":{"start":{"line":29,"column":45},"end":{"line":53,"column":6}}},"8":{"name":"(anonymous_22)","decl":{"start":{"line":29,"column":45},"end":{"line":29,"column":null}},"loc":{"start":{"line":29,"column":45},"end":{"line":53,"column":6}}},"9":{"name":"(anonymous_24)","decl":{"start":{"line":51,"column":14},"end":{"line":51,"column":22}},"loc":{"start":{"line":51,"column":22},"end":{"line":51,"column":33}}},"10":{"name":"(anonymous_25)","decl":{"start":{"line":52,"column":15},"end":{"line":52,"column":20}},"loc":{"start":{"line":52,"column":20},"end":{"line":52,"column":30}}}},"branchMap":{},"s":{"0":0,"1":0,"2":0,"3":0,"4":0,"5":0,"6":0,"7":0,"8":0,"9":0,"10":0,"11":0,"12":0,"13":0,"14":0,"15":0,"16":0,"17":0,"18":0,"19":0,"20":0},"f":{"0":0,"1":0,"2":0,"3":0,"4":0,"5":0,"6":0,"7":0,"8":0,"9":0,"10":0},"b":{}}
}
